[ 2017-05-09T22:50:31+08:00 ] ::1 /tp/Public/Hom/js/plugins/slimscroll/jquery.slimscroll.min.js
INFO: [ app_init ] --START--
INFO: Run Behavior\BuildLiteBehavior [ RunTime:0.000023s ]
INFO: [ app_init ] --END-- [ RunTime:0.000549s ]
ERR: 无法加载模块:Public
NOTIC: [2] Cannot modify header information - headers already sent by (output started at /Applications/MAMP/htdocs/tp/Apps/Common/Conf/config.php:1) /Applications/MAMP/htdocs/tp/ThinkPHP/Library/Think/Think.class.php 第 229 行.
NOTIC: [2] Cannot modify header information - headers already sent by (output started at /Applications/MAMP/htdocs/tp/Apps/Common/Conf/config.php:1) /Applications/MAMP/htdocs/tp/ThinkPHP/Library/Think/Think.class.php 第 230 行.

[ 2017-05-09T22:50:31+08:00 ] ::1 /tp/Public/Hom/js/plugins/dataTables/datatables.min.js
INFO: [ app_init ] --START--
INFO: Run Behavior\BuildLiteBehavior [ RunTime:0.000031s ]
INFO: [ app_init ] --END-- [ RunTime:0.000667s ]
ERR: 无法加载模块:Public
NOTIC: [2] Cannot modify header information - headers already sent by (output started at /Applications/MAMP/htdocs/tp/Apps/Common/Conf/config.php:1) /Applications/MAMP/htdocs/tp/ThinkPHP/Library/Think/Think.class.php 第 229 行.
NOTIC: [2] Cannot modify header information - headers already sent by (output started at /Applications/MAMP/htdocs/tp/Apps/Common/Conf/config.php:1) /Applications/MAMP/htdocs/tp/ThinkPHP/Library/Think/Think.class.php 第 230 行.

[ 2017-05-09T22:50:31+08:00 ] ::1 /tp/Public/Hom/js/jquery-2.1.1.js
INFO: [ app_init ] --START--
INFO: Run Behavior\BuildLiteBehavior [ RunTime:0.000184s ]
INFO: [ app_init ] --END-- [ RunTime:0.001357s ]
ERR: 无法加载模块:Public
NOTIC: [2] Cannot modify header information - headers already sent by (output started at /Applications/MAMP/htdocs/tp/Apps/Common/Conf/config.php:1) /Applications/MAMP/htdocs/tp/ThinkPHP/Library/Think/Think.class.php 第 229 行.
NOTIC: [2] Cannot modify header information - headers already sent by (output started at /Applications/MAMP/htdocs/tp/Apps/Common/Conf/config.php:1) /Applications/MAMP/htdocs/tp/ThinkPHP/Library/Think/Think.class.php 第 230 行.

[ 2017-05-09T22:50:31+08:00 ] ::1 /tp/Public/Hom/js/plugins/metisMenu/jquery.metisMenu.js
INFO: [ app_init ] --START--
INFO: Run Behavior\BuildLiteBehavior [ RunTime:0.000043s ]
INFO: [ app_init ] --END-- [ RunTime:0.000969s ]
ERR: 无法加载模块:Public
NOTIC: [2] Cannot modify header information - headers already sent by (output started at /Applications/MAMP/htdocs/tp/Apps/Common/Conf/config.php:1) /Applications/MAMP/htdocs/tp/ThinkPHP/Library/Think/Think.class.php 第 229 行.
NOTIC: [2] Cannot modify header information - headers already sent by (output started at /Applications/MAMP/htdocs/tp/Apps/Common/Conf/config.php:1) /Applications/MAMP/htdocs/tp/ThinkPHP/Library/Think/Think.class.php 第 230 行.

[ 2017-05-09T22:50:31+08:00 ] ::1 /tp/Public/Hom/js/bootstrap.min.js
INFO: [ app_init ] --START--
INFO: Run Behavior\BuildLiteBehavior [ RunTime:0.000036s ]
INFO: [ app_init ] --END-- [ RunTime:0.002171s ]
ERR: 无法加载模块:Public
NOTIC: [2] Cannot modify header information - headers already sent by (output started at /Applications/MAMP/htdocs/tp/Apps/Common/Conf/config.php:1) /Applications/MAMP/htdocs/tp/ThinkPHP/Library/Think/Think.class.php 第 229 行.
NOTIC: [2] Cannot modify header information - headers already sent by (output started at /Applications/MAMP/htdocs/tp/Apps/Common/Conf/config.php:1) /Applications/MAMP/htdocs/tp/ThinkPHP/Library/Think/Think.class.php 第 230 行.

[ 2017-05-09T22:50:31+08:00 ] ::1 /tp/Public/Hom/js/inspinia.js
INFO: [ app_init ] --START--
INFO: Run Behavior\BuildLiteBehavior [ RunTime:0.000069s ]
INFO: [ app_init ] --END-- [ RunTime:0.000796s ]
ERR: 无法加载模块:Public
NOTIC: [2] Cannot modify header information - headers already sent by (output started at /Applications/MAMP/htdocs/tp/Apps/Common/Conf/config.php:1) /Applications/MAMP/htdocs/tp/ThinkPHP/Library/Think/Think.class.php 第 229 行.
NOTIC: [2] Cannot modify header information - headers already sent by (output started at /Applications/MAMP/htdocs/tp/Apps/Common/Conf/config.php:1) /Applications/MAMP/htdocs/tp/ThinkPHP/Library/Think/Think.class.php 第 230 行.

[ 2017-05-09T22:50:31+08:00 ] ::1 /tp/Public/Hom/js/plugins/pace/pace.min.js
INFO: [ app_init ] --START--
INFO: Run Behavior\BuildLiteBehavior [ RunTime:0.000030s ]
INFO: [ app_init ] --END-- [ RunTime:0.000710s ]
ERR: 无法加载模块:Public
NOTIC: [2] Cannot modify header information - headers already sent by (output started at /Applications/MAMP/htdocs/tp/Apps/Common/Conf/config.php:1) /Applications/MAMP/htdocs/tp/ThinkPHP/Library/Think/Think.class.php 第 229 行.
NOTIC: [2] Cannot modify header information - headers already sent by (output started at /Applications/MAMP/htdocs/tp/Apps/Common/Conf/config.php:1) /Applications/MAMP/htdocs/tp/ThinkPHP/Library/Think/Think.class.php 第 230 行.

[ 2017-05-09T22:54:47+08:00 ] ::1 /tp/Public/Hom/js/plugins/slimscroll/jquery.slimscroll.min.js
INFO: [ app_init ] --START--
INFO: Run Behavior\BuildLiteBehavior [ RunTime:0.000030s ]
INFO: [ app_init ] --END-- [ RunTime:0.017120s ]
ERR: 无法加载模块:Public
NOTIC: [2] Cannot modify header information - headers already sent by (output started at /Applications/MAMP/htdocs/tp/Apps/Common/Conf/config.php:1) /Applications/MAMP/htdocs/tp/ThinkPHP/Library/Think/Think.class.php 第 229 行.
NOTIC: [2] Cannot modify header information - headers already sent by (output started at /Applications/MAMP/htdocs/tp/Apps/Common/Conf/config.php:1) /Applications/MAMP/htdocs/tp/ThinkPHP/Library/Think/Think.class.php 第 230 行.

[ 2017-05-09T22:54:47+08:00 ] ::1 /tp/Public/Hom/js/bootstrap.min.js
INFO: [ app_init ] --START--
INFO: Run Behavior\BuildLiteBehavior [ RunTime:0.000039s ]
INFO: [ app_init ] --END-- [ RunTime:0.014906s ]
ERR: 无法加载模块:Public
NOTIC: [2] Cannot modify header information - headers already sent by (output started at /Applications/MAMP/htdocs/tp/Apps/Common/Conf/config.php:1) /Applications/MAMP/htdocs/tp/ThinkPHP/Library/Think/Think.class.php 第 229 行.
NOTIC: [2] Cannot modify header information - headers already sent by (output started at /Applications/MAMP/htdocs/tp/Apps/Common/Conf/config.php:1) /Applications/MAMP/htdocs/tp/ThinkPHP/Library/Think/Think.class.php 第 230 行.

[ 2017-05-09T22:54:47+08:00 ] ::1 /tp/Public/Hom/js/plugins/dataTables/datatables.min.js
INFO: [ app_init ] --START--
INFO: Run Behavior\BuildLiteBehavior [ RunTime:0.000033s ]
INFO: [ app_init ] --END-- [ RunTime:0.019937s ]
ERR: 无法加载模块:Public
NOTIC: [2] Cannot modify header information - headers already sent by (output started at /Applications/MAMP/htdocs/tp/Apps/Common/Conf/config.php:1) /Applications/MAMP/htdocs/tp/ThinkPHP/Library/Think/Think.class.php 第 229 行.
NOTIC: [2] Cannot modify header information - headers already sent by (output started at /Applications/MAMP/htdocs/tp/Apps/Common/Conf/config.php:1) /Applications/MAMP/htdocs/tp/ThinkPHP/Library/Think/Think.class.php 第 230 行.

[ 2017-05-09T22:54:47+08:00 ] ::1 /tp/Public/Hom/js/jquery-2.1.1.js
INFO: [ app_init ] --START--
INFO: Run Behavior\BuildLiteBehavior [ RunTime:0.000032s ]
INFO: [ app_init ] --END-- [ RunTime:0.000865s ]
ERR: 无法加载模块:Public
NOTIC: [2] Cannot modify header information - headers already sent by (output started at /Applications/MAMP/htdocs/tp/Apps/Common/Conf/config.php:1) /Applications/MAMP/htdocs/tp/ThinkPHP/Library/Think/Think.class.php 第 229 行.
NOTIC: [2] Cannot modify header information - headers already sent by (output started at /Applications/MAMP/htdocs/tp/Apps/Common/Conf/config.php:1) /Applications/MAMP/htdocs/tp/ThinkPHP/Library/Think/Think.class.php 第 230 行.

[ 2017-05-09T22:54:47+08:00 ] ::1 /tp/Public/Hom/js/plugins/metisMenu/jquery.metisMenu.js
INFO: [ app_init ] --START--
INFO: Run Behavior\BuildLiteBehavior [ RunTime:0.000038s ]
INFO: [ app_init ] --END-- [ RunTime:0.000843s ]
ERR: 无法加载模块:Public
NOTIC: [2] Cannot modify header information - headers already sent by (output started at /Applications/MAMP/htdocs/tp/Apps/Common/Conf/config.php:1) /Applications/MAMP/htdocs/tp/ThinkPHP/Library/Think/Think.class.php 第 229 行.
NOTIC: [2] Cannot modify header information - headers already sent by (output started at /Applications/MAMP/htdocs/tp/Apps/Common/Conf/config.php:1) /Applications/MAMP/htdocs/tp/ThinkPHP/Library/Think/Think.class.php 第 230 行.

[ 2017-05-09T22:54:47+08:00 ] ::1 /tp/Public/Hom/js/inspinia.js
INFO: [ app_init ] --START--
INFO: Run Behavior\BuildLiteBehavior [ RunTime:0.000036s ]
INFO: [ app_init ] --END-- [ RunTime:0.000856s ]
ERR: 无法加载模块:Public
NOTIC: [2] Cannot modify header information - headers already sent by (output started at /Applications/MAMP/htdocs/tp/Apps/Common/Conf/config.php:1) /Applications/MAMP/htdocs/tp/ThinkPHP/Library/Think/Think.class.php 第 229 行.
NOTIC: [2] Cannot modify header information - headers already sent by (output started at /Applications/MAMP/htdocs/tp/Apps/Common/Conf/config.php:1) /Applications/MAMP/htdocs/tp/ThinkPHP/Library/Think/Think.class.php 第 230 行.

[ 2017-05-09T22:54:47+08:00 ] ::1 /tp/Public/Hom/js/plugins/pace/pace.min.js
INFO: [ app_init ] --START--
INFO: Run Behavior\BuildLiteBehavior [ RunTime:0.000029s ]
INFO: [ app_init ] --END-- [ RunTime:0.000671s ]
ERR: 无法加载模块:Public
NOTIC: [2] Cannot modify header information - headers already sent by (output started at /Applications/MAMP/htdocs/tp/Apps/Common/Conf/config.php:1) /Applications/MAMP/htdocs/tp/ThinkPHP/Library/Think/Think.class.php 第 229 行.
NOTIC: [2] Cannot modify header information - headers already sent by (output started at /Applications/MAMP/htdocs/tp/Apps/Common/Conf/config.php:1) /Applications/MAMP/htdocs/tp/ThinkPHP/Library/Think/Think.class.php 第 230 行.

[ 2017-05-09T22:55:41+08:00 ] ::1 /tp/Public/Hom/js/jquery-2.1.1.js
INFO: [ app_init ] --START--
INFO: Run Behavior\BuildLiteBehavior [ RunTime:0.000030s ]
INFO: [ app_init ] --END-- [ RunTime:0.001014s ]
ERR: 无法加载模块:Public
NOTIC: [2] Cannot modify header information - headers already sent by (output started at /Applications/MAMP/htdocs/tp/Apps/Common/Conf/config.php:1) /Applications/MAMP/htdocs/tp/ThinkPHP/Library/Think/Think.class.php 第 229 行.
NOTIC: [2] Cannot modify header information - headers already sent by (output started at /Applications/MAMP/htdocs/tp/Apps/Common/Conf/config.php:1) /Applications/MAMP/htdocs/tp/ThinkPHP/Library/Think/Think.class.php 第 230 行.

[ 2017-05-09T22:55:41+08:00 ] ::1 /tp/Public/Hom/js/plugins/metisMenu/jquery.metisMenu.js
INFO: [ app_init ] --START--
INFO: Run Behavior\BuildLiteBehavior [ RunTime:0.000028s ]
INFO: [ app_init ] --END-- [ RunTime:0.000888s ]
ERR: 无法加载模块:Public
NOTIC: [2] Cannot modify header information - headers already sent by (output started at /Applications/MAMP/htdocs/tp/Apps/Common/Conf/config.php:1) /Applications/MAMP/htdocs/tp/ThinkPHP/Library/Think/Think.class.php 第 229 行.
NOTIC: [2] Cannot modify header information - headers already sent by (output started at /Applications/MAMP/htdocs/tp/Apps/Common/Conf/config.php:1) /Applications/MAMP/htdocs/tp/ThinkPHP/Library/Think/Think.class.php 第 230 行.

[ 2017-05-09T22:55:41+08:00 ] ::1 /tp/Public/Hom/js/bootstrap.min.js
INFO: [ app_init ] --START--
INFO: Run Behavior\BuildLiteBehavior [ RunTime:0.000046s ]
INFO: [ app_init ] --END-- [ RunTime:0.001244s ]
ERR: 无法加载模块:Public
NOTIC: [2] Cannot modify header information - headers already sent by (output started at /Applications/MAMP/htdocs/tp/Apps/Common/Conf/config.php:1) /Applications/MAMP/htdocs/tp/ThinkPHP/Library/Think/Think.class.php 第 229 行.
NOTIC: [2] Cannot modify header information - headers already sent by (output started at /Applications/MAMP/htdocs/tp/Apps/Common/Conf/config.php:1) /Applications/MAMP/htdocs/tp/ThinkPHP/Library/Think/Think.class.php 第 230 行.

[ 2017-05-09T22:55:41+08:00 ] ::1 /tp/Public/Hom/js/inspinia.js
INFO: [ app_init ] --START--
INFO: Run Behavior\BuildLiteBehavior [ RunTime:0.000031s ]
INFO: [ app_init ] --END-- [ RunTime:0.000709s ]
ERR: 无法加载模块:Public
NOTIC: [2] Cannot modify header information - headers already sent by (output started at /Applications/MAMP/htdocs/tp/Apps/Common/Conf/config.php:1) /Applications/MAMP/htdocs/tp/ThinkPHP/Library/Think/Think.class.php 第 229 行.
NOTIC: [2] Cannot modify header information - headers already sent by (output started at /Applications/MAMP/htdocs/tp/Apps/Common/Conf/config.php:1) /Applications/MAMP/htdocs/tp/ThinkPHP/Library/Think/Think.class.php 第 230 行.

[ 2017-05-09T22:55:41+08:00 ] ::1 /tp/Public/Hom/js/plugins/dataTables/datatables.min.js
INFO: [ app_init ] --START--
INFO: Run Behavior\BuildLiteBehavior [ RunTime:0.000030s ]
INFO: [ app_init ] --END-- [ RunTime:0.000699s ]
ERR: 无法加载模块:Public
NOTIC: [2] Cannot modify header information - headers already sent by (output started at /Applications/MAMP/htdocs/tp/Apps/Common/Conf/config.php:1) /Applications/MAMP/htdocs/tp/ThinkPHP/Library/Think/Think.class.php 第 229 行.
NOTIC: [2] Cannot modify header information - headers already sent by (output started at /Applications/MAMP/htdocs/tp/Apps/Common/Conf/config.php:1) /Applications/MAMP/htdocs/tp/ThinkPHP/Library/Think/Think.class.php 第 230 行.

[ 2017-05-09T22:55:41+08:00 ] ::1 /tp/Public/Hom/js/plugins/pace/pace.min.js
INFO: [ app_init ] --START--
INFO: Run Behavior\BuildLiteBehavior [ RunTime:0.000025s ]
INFO: [ app_init ] --END-- [ RunTime:0.000594s ]
ERR: 无法加载模块:Public
NOTIC: [2] Cannot modify header information - headers already sent by (output started at /Applications/MAMP/htdocs/tp/Apps/Common/Conf/config.php:1) /Applications/MAMP/htdocs/tp/ThinkPHP/Library/Think/Think.class.php 第 229 行.
NOTIC: [2] Cannot modify header information - headers already sent by (output started at /Applications/MAMP/htdocs/tp/Apps/Common/Conf/config.php:1) /Applications/MAMP/htdocs/tp/ThinkPHP/Library/Think/Think.class.php 第 230 行.

[ 2017-05-09T22:55:41+08:00 ] ::1 /tp/Public/Hom/js/plugins/slimscroll/jquery.slimscroll.min.js
INFO: [ app_init ] --START--
INFO: Run Behavior\BuildLiteBehavior [ RunTime:0.000026s ]
INFO: [ app_init ] --END-- [ RunTime:0.000765s ]
ERR: 无法加载模块:Public
NOTIC: [2] Cannot modify header information - headers already sent by (output started at /Applications/MAMP/htdocs/tp/Apps/Common/Conf/config.php:1) /Applications/MAMP/htdocs/tp/ThinkPHP/Library/Think/Think.class.php 第 229 行.
NOTIC: [2] Cannot modify header information - headers already sent by (output started at /Applications/MAMP/htdocs/tp/Apps/Common/Conf/config.php:1) /Applications/MAMP/htdocs/tp/ThinkPHP/Library/Think/Think.class.php 第 230 行.

