[ 2017-05-24T18:11:48+08:00 ] ::1 /tp/Public/Hom/js/jquery-2.1.1.js
INFO: [ app_init ] --START--
INFO: Run Behavior\BuildLiteBehavior [ RunTime:0.000044s ]
INFO: [ app_init ] --END-- [ RunTime:0.002450s ]
ERR: 无法加载模块:Public
NOTIC: [2] Cannot modify header information - headers already sent by (output started at /Applications/MAMP/htdocs/tp/Apps/Common/Conf/config.php:1) /Applications/MAMP/htdocs/tp/ThinkPHP/Library/Think/Think.class.php 第 229 行.
NOTIC: [2] Cannot modify header information - headers already sent by (output started at /Applications/MAMP/htdocs/tp/Apps/Common/Conf/config.php:1) /Applications/MAMP/htdocs/tp/ThinkPHP/Library/Think/Think.class.php 第 230 行.

[ 2017-05-24T18:11:48+08:00 ] ::1 /tp/Public/Hom/js/plugins/metisMenu/jquery.metisMenu.js
INFO: [ app_init ] --START--
INFO: Run Behavior\BuildLiteBehavior [ RunTime:0.000037s ]
INFO: [ app_init ] --END-- [ RunTime:0.000901s ]
ERR: 无法加载模块:Public
NOTIC: [2] Cannot modify header information - headers already sent by (output started at /Applications/MAMP/htdocs/tp/Apps/Common/Conf/config.php:1) /Applications/MAMP/htdocs/tp/ThinkPHP/Library/Think/Think.class.php 第 229 行.
NOTIC: [2] Cannot modify header information - headers already sent by (output started at /Applications/MAMP/htdocs/tp/Apps/Common/Conf/config.php:1) /Applications/MAMP/htdocs/tp/ThinkPHP/Library/Think/Think.class.php 第 230 行.

[ 2017-05-24T18:11:48+08:00 ] ::1 /tp/Public/Hom/js/plugins/slimscroll/jquery.slimscroll.min.js
INFO: [ app_init ] --START--
INFO: Run Behavior\BuildLiteBehavior [ RunTime:0.000053s ]
INFO: [ app_init ] --END-- [ RunTime:0.001065s ]
ERR: 无法加载模块:Public
NOTIC: [2] Cannot modify header information - headers already sent by (output started at /Applications/MAMP/htdocs/tp/Apps/Common/Conf/config.php:1) /Applications/MAMP/htdocs/tp/ThinkPHP/Library/Think/Think.class.php 第 229 行.
NOTIC: [2] Cannot modify header information - headers already sent by (output started at /Applications/MAMP/htdocs/tp/Apps/Common/Conf/config.php:1) /Applications/MAMP/htdocs/tp/ThinkPHP/Library/Think/Think.class.php 第 230 行.

[ 2017-05-24T18:11:48+08:00 ] ::1 /tp/Public/Hom/js/plugins/dataTables/datatables.min.js
INFO: [ app_init ] --START--
INFO: Run Behavior\BuildLiteBehavior [ RunTime:0.000033s ]
INFO: [ app_init ] --END-- [ RunTime:0.001271s ]
ERR: 无法加载模块:Public
NOTIC: [2] Cannot modify header information - headers already sent by (output started at /Applications/MAMP/htdocs/tp/Apps/Common/Conf/config.php:1) /Applications/MAMP/htdocs/tp/ThinkPHP/Library/Think/Think.class.php 第 229 行.
NOTIC: [2] Cannot modify header information - headers already sent by (output started at /Applications/MAMP/htdocs/tp/Apps/Common/Conf/config.php:1) /Applications/MAMP/htdocs/tp/ThinkPHP/Library/Think/Think.class.php 第 230 行.

[ 2017-05-24T18:11:48+08:00 ] ::1 /tp/Public/Hom/js/bootstrap.min.js
INFO: [ app_init ] --START--
INFO: Run Behavior\BuildLiteBehavior [ RunTime:0.000052s ]
INFO: [ app_init ] --END-- [ RunTime:0.001351s ]
ERR: 无法加载模块:Public
NOTIC: [2] Cannot modify header information - headers already sent by (output started at /Applications/MAMP/htdocs/tp/Apps/Common/Conf/config.php:1) /Applications/MAMP/htdocs/tp/ThinkPHP/Library/Think/Think.class.php 第 229 行.
NOTIC: [2] Cannot modify header information - headers already sent by (output started at /Applications/MAMP/htdocs/tp/Apps/Common/Conf/config.php:1) /Applications/MAMP/htdocs/tp/ThinkPHP/Library/Think/Think.class.php 第 230 行.

[ 2017-05-24T18:11:48+08:00 ] ::1 /tp/Public/Hom/js/inspinia.js
INFO: [ app_init ] --START--
INFO: Run Behavior\BuildLiteBehavior [ RunTime:0.000046s ]
INFO: [ app_init ] --END-- [ RunTime:0.000935s ]
ERR: 无法加载模块:Public
NOTIC: [2] Cannot modify header information - headers already sent by (output started at /Applications/MAMP/htdocs/tp/Apps/Common/Conf/config.php:1) /Applications/MAMP/htdocs/tp/ThinkPHP/Library/Think/Think.class.php 第 229 行.
NOTIC: [2] Cannot modify header information - headers already sent by (output started at /Applications/MAMP/htdocs/tp/Apps/Common/Conf/config.php:1) /Applications/MAMP/htdocs/tp/ThinkPHP/Library/Think/Think.class.php 第 230 行.

[ 2017-05-24T18:11:48+08:00 ] ::1 /tp/Public/Hom/js/plugins/pace/pace.min.js
INFO: [ app_init ] --START--
INFO: Run Behavior\BuildLiteBehavior [ RunTime:0.000030s ]
INFO: [ app_init ] --END-- [ RunTime:0.000668s ]
ERR: 无法加载模块:Public
NOTIC: [2] Cannot modify header information - headers already sent by (output started at /Applications/MAMP/htdocs/tp/Apps/Common/Conf/config.php:1) /Applications/MAMP/htdocs/tp/ThinkPHP/Library/Think/Think.class.php 第 229 行.
NOTIC: [2] Cannot modify header information - headers already sent by (output started at /Applications/MAMP/htdocs/tp/Apps/Common/Conf/config.php:1) /Applications/MAMP/htdocs/tp/ThinkPHP/Library/Think/Think.class.php 第 230 行.

[ 2017-05-24T18:13:08+08:00 ] ::1 /tp/Public/Hom/js/plugins/dataTables/datatables.min.js
INFO: [ app_init ] --START--
INFO: Run Behavior\BuildLiteBehavior [ RunTime:0.000030s ]
INFO: [ app_init ] --END-- [ RunTime:0.000856s ]
ERR: 无法加载模块:Public
NOTIC: [2] Cannot modify header information - headers already sent by (output started at /Applications/MAMP/htdocs/tp/Apps/Common/Conf/config.php:1) /Applications/MAMP/htdocs/tp/ThinkPHP/Library/Think/Think.class.php 第 229 行.
NOTIC: [2] Cannot modify header information - headers already sent by (output started at /Applications/MAMP/htdocs/tp/Apps/Common/Conf/config.php:1) /Applications/MAMP/htdocs/tp/ThinkPHP/Library/Think/Think.class.php 第 230 行.

[ 2017-05-24T18:13:08+08:00 ] ::1 /tp/Public/Hom/js/plugins/slimscroll/jquery.slimscroll.min.js
INFO: [ app_init ] --START--
INFO: Run Behavior\BuildLiteBehavior [ RunTime:0.000029s ]
INFO: [ app_init ] --END-- [ RunTime:0.000774s ]
ERR: 无法加载模块:Public
NOTIC: [2] Cannot modify header information - headers already sent by (output started at /Applications/MAMP/htdocs/tp/Apps/Common/Conf/config.php:1) /Applications/MAMP/htdocs/tp/ThinkPHP/Library/Think/Think.class.php 第 229 行.
NOTIC: [2] Cannot modify header information - headers already sent by (output started at /Applications/MAMP/htdocs/tp/Apps/Common/Conf/config.php:1) /Applications/MAMP/htdocs/tp/ThinkPHP/Library/Think/Think.class.php 第 230 行.

[ 2017-05-24T18:13:08+08:00 ] ::1 /tp/Public/Hom/js/inspinia.js
INFO: [ app_init ] --START--
INFO: Run Behavior\BuildLiteBehavior [ RunTime:0.000040s ]
INFO: [ app_init ] --END-- [ RunTime:0.046926s ]
ERR: 无法加载模块:Public
NOTIC: [2] Cannot modify header information - headers already sent by (output started at /Applications/MAMP/htdocs/tp/Apps/Common/Conf/config.php:1) /Applications/MAMP/htdocs/tp/ThinkPHP/Library/Think/Think.class.php 第 229 行.
NOTIC: [2] Cannot modify header information - headers already sent by (output started at /Applications/MAMP/htdocs/tp/Apps/Common/Conf/config.php:1) /Applications/MAMP/htdocs/tp/ThinkPHP/Library/Think/Think.class.php 第 230 行.

[ 2017-05-24T18:13:08+08:00 ] ::1 /tp/Public/Hom/js/jquery-2.1.1.js
INFO: [ app_init ] --START--
INFO: Run Behavior\BuildLiteBehavior [ RunTime:0.000071s ]
INFO: [ app_init ] --END-- [ RunTime:0.001274s ]
ERR: 无法加载模块:Public
NOTIC: [2] Cannot modify header information - headers already sent by (output started at /Applications/MAMP/htdocs/tp/Apps/Common/Conf/config.php:1) /Applications/MAMP/htdocs/tp/ThinkPHP/Library/Think/Think.class.php 第 229 行.
NOTIC: [2] Cannot modify header information - headers already sent by (output started at /Applications/MAMP/htdocs/tp/Apps/Common/Conf/config.php:1) /Applications/MAMP/htdocs/tp/ThinkPHP/Library/Think/Think.class.php 第 230 行.

[ 2017-05-24T18:13:08+08:00 ] ::1 /tp/Public/Hom/js/plugins/metisMenu/jquery.metisMenu.js
INFO: [ app_init ] --START--
INFO: Run Behavior\BuildLiteBehavior [ RunTime:0.000042s ]
INFO: [ app_init ] --END-- [ RunTime:0.001279s ]
ERR: 无法加载模块:Public
NOTIC: [2] Cannot modify header information - headers already sent by (output started at /Applications/MAMP/htdocs/tp/Apps/Common/Conf/config.php:1) /Applications/MAMP/htdocs/tp/ThinkPHP/Library/Think/Think.class.php 第 229 行.
NOTIC: [2] Cannot modify header information - headers already sent by (output started at /Applications/MAMP/htdocs/tp/Apps/Common/Conf/config.php:1) /Applications/MAMP/htdocs/tp/ThinkPHP/Library/Think/Think.class.php 第 230 行.

[ 2017-05-24T18:13:08+08:00 ] ::1 /tp/Public/Hom/js/plugins/pace/pace.min.js
INFO: [ app_init ] --START--
INFO: Run Behavior\BuildLiteBehavior [ RunTime:0.000033s ]
INFO: [ app_init ] --END-- [ RunTime:0.000835s ]
ERR: 无法加载模块:Public
NOTIC: [2] Cannot modify header information - headers already sent by (output started at /Applications/MAMP/htdocs/tp/Apps/Common/Conf/config.php:1) /Applications/MAMP/htdocs/tp/ThinkPHP/Library/Think/Think.class.php 第 229 行.
NOTIC: [2] Cannot modify header information - headers already sent by (output started at /Applications/MAMP/htdocs/tp/Apps/Common/Conf/config.php:1) /Applications/MAMP/htdocs/tp/ThinkPHP/Library/Think/Think.class.php 第 230 行.

[ 2017-05-24T18:13:08+08:00 ] ::1 /tp/Public/Hom/js/bootstrap.min.js
INFO: [ app_init ] --START--
INFO: Run Behavior\BuildLiteBehavior [ RunTime:0.000064s ]
INFO: [ app_init ] --END-- [ RunTime:0.005095s ]
ERR: 无法加载模块:Public
NOTIC: [2] Cannot modify header information - headers already sent by (output started at /Applications/MAMP/htdocs/tp/Apps/Common/Conf/config.php:1) /Applications/MAMP/htdocs/tp/ThinkPHP/Library/Think/Think.class.php 第 229 行.
NOTIC: [2] Cannot modify header information - headers already sent by (output started at /Applications/MAMP/htdocs/tp/Apps/Common/Conf/config.php:1) /Applications/MAMP/htdocs/tp/ThinkPHP/Library/Think/Think.class.php 第 230 行.

